Build started 6/9/2015 12:51:29 PM.
     1>Project "C:\Users\jesyl_000\Desktop\Juego Definitivo\Xiangqi\Xiangqi\Xiangqi.vcxproj" on node 2 (Build target(s)).
     1>ClCompile:
         C:\Program Files (x86)\Microsoft Visual Studio 12.0\VC\bin\CL.exe /c /ZI /nologo /W3 /WX- /sdl /Od /Oy- /D WIN32 /D _DEBUG /D _CONSOLE /D _LIB /D _UNICODE /D UNICODE /Gm /EHsc /RTC1 /MDd /GS /fp:precise /Zc:wchar_t /Zc:forScope /Fo".\bin\\" /Fd".\bin\vc120.pdb" /Gd /TP /analyze- /errorReport:prompt source\Xiangqi\Xiangqi.cpp source\dominio\Tablero.cpp source\dominio\Torre.cpp
         Tablero.cpp
     1>c:\users\jesyl_000\desktop\juego definitivo\xiangqi\xiangqi\source\dominio\tablero.cpp(252): warning C4018: '<' : signed/unsigned mismatch
         Generating Code...
         Skipping... (no relevant changes detected)
         Torre.cpp
         Xiangqi.cpp
       Link:
         C:\Program Files (x86)\Microsoft Visual Studio 12.0\VC\bin\link.exe /ERRORREPORT:PROMPT /OUT:".\bin\Xiangqi.exe" /INCREMENTAL /NOLOGO kernel32.lib user32.lib gdi32.lib winspool.lib comdlg32.lib advapi32.lib shell32.lib ole32.lib oleaut32.lib uuid.lib odbc32.lib odbccp32.lib /MANIFEST /MANIFESTUAC:"level='asInvoker' uiAccess='false'" /manifest:embed /DEBUG /PDB:".\bin\Xiangqi.pdb" /SUBSYSTEM:CONSOLE /TLBID:1 /DYNAMICBASE /NXCOMPAT /IMPLIB:".\bin\Xiangqi.lib" /MACHINE:X86 .\bin\Vector2D.obj
         .\bin\Caballo.obj
         .\bin\Consejero.obj
         .\bin\Elefante.obj
         .\bin\GenMovimientos.obj
         .\bin\Intersecciones.obj
         .\bin\Paov.obj
         .\bin\Pieza.obj
         .\bin\Soldado.obj
         .\bin\Tablero.obj
         .\bin\Torre.obj
         .\bin\Xiangqi.obj
         Xiangqi.vcxproj -> C:\Users\jesyl_000\Desktop\Juego Definitivo\Xiangqi\Xiangqi\.\bin\Xiangqi.exe
     1>Done Building Project "C:\Users\jesyl_000\Desktop\Juego Definitivo\Xiangqi\Xiangqi\Xiangqi.vcxproj" (Build target(s)).

Build succeeded.

Time Elapsed 00:00:02.69
